Assembled 15 bytes
Running (speed: max IPS, time limit: 5s)...


Executed 3 instructions
CPU halted (self-branch detected)

=== Registers ===
  PC:  0x00000D    C: 0
  r0:  0x00000D  (      13)
  r1:  0x000000  (       0)
  r2:  0x000000  (       0)
  fp:  0xFEEC00
  sp:  0xFEEC00

=== Emulator ===
  Instructions: 3
  Halted: true

=== SRAM 000000-0FFFFF (1 MB) ===
  000000: 65 29 0D 00 00 26 13 FC 29 56 01 00 27 13 FC 00  |e)...&..)V..'...|
  000010..0FFFFF: 1048560 bytes all zero

=== Unmapped 100000-FEDDFF (14.9 MB, not installed) ===

=== EBR FEE000-FEFFFF (8 KB, stack) ===
  FEE000..FEFFFF: 8192 bytes all zero

=== I/O FF0000-FFFFFF (64 KB, memory-mapped peripherals) ===
  FF0000 LED:  0x00  [........]  BTN S2: released
  FF0010 IntEn:  0x00  UART RX IRQ: disabled
  FF0100 UART:   status=0x02  RX ready: no  CTS: yes  TX busy: no
